[12-Mar-2025 08:58:26 UTC] PHP Warning:  Trying to access array offset on null in C:\xampp\htdocs\employee_evaluation\download_payslip_dois.php on line 92
[12-Mar-2025 08:58:26 UTC] PHP Warning:  Trying to access array offset on null in C:\xampp\htdocs\employee_evaluation\download_payslip_dois.php on line 94
[13-Mar-2025 02:08:01 UTC] PHP Warning:  Trying to access array offset on null in C:\xampp\htdocs\employee_evaluation\download_payslip_dois.php on line 92
[13-Mar-2025 02:08:01 UTC] PHP Warning:  Trying to access array offset on null in C:\xampp\htdocs\employee_evaluation\download_payslip_dois.php on line 94
[13-Mar-2025 03:47:05 UTC] PHP Warning:  Trying to access array offset on null in C:\xampp\htdocs\employee_evaluation\download_payslip.php on line 91
[13-Mar-2025 03:47:05 UTC] PHP Warning:  Trying to access array offset on null in C:\xampp\htdocs\employee_evaluation\download_payslip.php on line 93
[13-Mar-2025 08:26:35 UTC] PHP Warning:  Trying to access array offset on null in C:\xampp\htdocs\employee_evaluation\download_payslip.php on line 91
[13-Mar-2025 08:26:35 UTC] PHP Warning:  Trying to access array offset on null in C:\xampp\htdocs\employee_evaluation\download_payslip.php on line 93
[14-Mar-2025 02:13:49 UTC] PHP Warning:  Trying to access array offset on null in C:\xampp\htdocs\employee_evaluation\download_payslip_pub.php on line 91
[14-Mar-2025 02:13:49 UTC] PHP Warning:  Trying to access array offset on null in C:\xampp\htdocs\employee_evaluation\download_payslip_pub.php on line 93
[14-Mar-2025 05:29:23 UTC] PHP Warning:  Trying to access array offset on null in C:\xampp\htdocs\employee_evaluation\download_payslip_dois.php on line 92
[14-Mar-2025 05:29:23 UTC] PHP Warning:  Trying to access array offset on null in C:\xampp\htdocs\employee_evaluation\download_payslip_dois.php on line 94
[14-Mar-2025 05:32:04 UTC] PHP Warning:  Trying to access array offset on null in C:\xampp\htdocs\employee_evaluation\download_payslip_dois.php on line 95
[14-Mar-2025 05:32:04 UTC] PHP Warning:  Trying to access array offset on null in C:\xampp\htdocs\employee_evaluation\download_payslip_dois.php on line 97
[14-Mar-2025 05:33:00 UTC] PHP Warning:  Trying to access array offset on null in C:\xampp\htdocs\employee_evaluation\download_payslip_dois.php on line 95
[14-Mar-2025 05:33:01 UTC] PHP Warning:  Trying to access array offset on null in C:\xampp\htdocs\employee_evaluation\download_payslip_dois.php on line 97
[14-Mar-2025 05:33:49 UTC] PHP Warning:  Trying to access array offset on null in C:\xampp\htdocs\employee_evaluation\download_payslip_dois.php on line 95
[14-Mar-2025 05:33:49 UTC] PHP Warning:  Trying to access array offset on null in C:\xampp\htdocs\employee_evaluation\download_payslip_dois.php on line 97
[14-Mar-2025 05:34:36 UTC] PHP Warning:  Trying to access array offset on null in C:\xampp\htdocs\employee_evaluation\download_payslip_dois.php on line 95
[14-Mar-2025 05:34:36 UTC] PHP Warning:  Trying to access array offset on null in C:\xampp\htdocs\employee_evaluation\download_payslip_dois.php on line 97
[14-Mar-2025 05:35:13 UTC] PHP Warning:  Trying to access array offset on null in C:\xampp\htdocs\employee_evaluation\download_payslip_dois.php on line 92
[14-Mar-2025 05:35:13 UTC] PHP Warning:  Trying to access array offset on null in C:\xampp\htdocs\employee_evaluation\download_payslip_dois.php on line 94
[14-Mar-2025 05:45:59 UTC] PHP Warning:  Trying to access array offset on null in C:\xampp\htdocs\employee_evaluation\download_payslip_pub.php on line 91
[14-Mar-2025 05:45:59 UTC] PHP Warning:  Trying to access array offset on null in C:\xampp\htdocs\employee_evaluation\download_payslip_pub.php on line 93
[14-Mar-2025 05:46:52 UTC] PHP Warning:  Trying to access array offset on null in C:\xampp\htdocs\employee_evaluation\download_payslip_pub.php on line 91
[14-Mar-2025 05:46:52 UTC] PHP Warning:  Trying to access array offset on null in C:\xampp\htdocs\employee_evaluation\download_payslip_pub.php on line 93
[14-Mar-2025 05:47:47 UTC] PHP Warning:  Trying to access array offset on null in C:\xampp\htdocs\employee_evaluation\download_payslip_dois.php on line 95
[14-Mar-2025 05:47:47 UTC] PHP Warning:  Trying to access array offset on null in C:\xampp\htdocs\employee_evaluation\download_payslip_dois.php on line 97
[14-Mar-2025 05:48:22 UTC] PHP Warning:  Trying to access array offset on null in C:\xampp\htdocs\employee_evaluation\download_payslip_dois.php on line 95
[14-Mar-2025 05:48:22 UTC] PHP Warning:  Trying to access array offset on null in C:\xampp\htdocs\employee_evaluation\download_payslip_dois.php on line 97
[14-Mar-2025 05:48:48 UTC] PHP Warning:  Trying to access array offset on null in C:\xampp\htdocs\employee_evaluation\download_payslip_dois.php on line 95
[14-Mar-2025 05:48:48 UTC] PHP Warning:  Trying to access array offset on null in C:\xampp\htdocs\employee_evaluation\download_payslip_dois.php on line 97
[14-Mar-2025 05:49:20 UTC] PHP Warning:  Trying to access array offset on null in C:\xampp\htdocs\employee_evaluation\download_payslip_dois.php on line 95
[14-Mar-2025 05:49:20 UTC] PHP Warning:  Trying to access array offset on null in C:\xampp\htdocs\employee_evaluation\download_payslip_dois.php on line 97
[14-Mar-2025 05:50:00 UTC] PHP Warning:  Trying to access array offset on null in C:\xampp\htdocs\employee_evaluation\download_payslip_dois.php on line 95
[14-Mar-2025 05:50:00 UTC] PHP Warning:  Trying to access array offset on null in C:\xampp\htdocs\employee_evaluation\download_payslip_dois.php on line 97
[14-Mar-2025 05:50:31 UTC] PHP Warning:  Trying to access array offset on null in C:\xampp\htdocs\employee_evaluation\download_payslip_dois.php on line 95
[14-Mar-2025 05:50:31 UTC] PHP Warning:  Trying to access array offset on null in C:\xampp\htdocs\employee_evaluation\download_payslip_dois.php on line 97
[14-Mar-2025 05:51:21 UTC] PHP Warning:  Trying to access array offset on null in C:\xampp\htdocs\employee_evaluation\download_payslip_dois.php on line 95
[14-Mar-2025 05:51:21 UTC] PHP Warning:  Trying to access array offset on null in C:\xampp\htdocs\employee_evaluation\download_payslip_dois.php on line 97
[14-Mar-2025 05:51:46 UTC] PHP Warning:  Trying to access array offset on null in C:\xampp\htdocs\employee_evaluation\download_payslip_dois.php on line 95
[14-Mar-2025 05:51:46 UTC] PHP Warning:  Trying to access array offset on null in C:\xampp\htdocs\employee_evaluation\download_payslip_dois.php on line 97
[14-Mar-2025 05:56:44 UTC] PHP Warning:  Trying to access array offset on null in C:\xampp\htdocs\employee_evaluation\download_payslip_dois.php on line 95
[14-Mar-2025 05:56:44 UTC] PHP Warning:  Trying to access array offset on null in C:\xampp\htdocs\employee_evaluation\download_payslip_dois.php on line 97
[14-Mar-2025 05:57:48 UTC] PHP Warning:  Trying to access array offset on null in C:\xampp\htdocs\employee_evaluation\download_payslip_dois.php on line 95
[14-Mar-2025 05:57:48 UTC] PHP Warning:  Trying to access array offset on null in C:\xampp\htdocs\employee_evaluation\download_payslip_dois.php on line 97
[14-Mar-2025 05:58:53 UTC] PHP Warning:  Trying to access array offset on null in C:\xampp\htdocs\employee_evaluation\download_payslip_dois.php on line 95
[14-Mar-2025 05:58:53 UTC] PHP Warning:  Trying to access array offset on null in C:\xampp\htdocs\employee_evaluation\download_payslip_dois.php on line 97
[14-Mar-2025 06:00:07 UTC] PHP Warning:  Trying to access array offset on null in C:\xampp\htdocs\employee_evaluation\download_payslip_dois.php on line 95
[14-Mar-2025 06:00:07 UTC] PHP Warning:  Trying to access array offset on null in C:\xampp\htdocs\employee_evaluation\download_payslip_dois.php on line 97
[14-Mar-2025 06:00:44 UTC] PHP Warning:  Trying to access array offset on null in C:\xampp\htdocs\employee_evaluation\download_payslip_dois.php on line 95
[14-Mar-2025 06:00:44 UTC] PHP Warning:  Trying to access array offset on null in C:\xampp\htdocs\employee_evaluation\download_payslip_dois.php on line 97
[14-Mar-2025 06:01:51 UTC] PHP Warning:  Trying to access array offset on null in C:\xampp\htdocs\employee_evaluation\download_payslip_dois.php on line 95
[14-Mar-2025 06:01:51 UTC] PHP Warning:  Trying to access array offset on null in C:\xampp\htdocs\employee_evaluation\download_payslip_dois.php on line 97
[14-Mar-2025 06:04:09 UTC] PHP Warning:  Trying to access array offset on null in C:\xampp\htdocs\employee_evaluation\download_payslip_dois.php on line 95
[14-Mar-2025 06:04:09 UTC] PHP Warning:  Trying to access array offset on null in C:\xampp\htdocs\employee_evaluation\download_payslip_dois.php on line 97
[14-Mar-2025 06:05:22 UTC] PHP Warning:  Trying to access array offset on null in C:\xampp\htdocs\employee_evaluation\download_payslip_dois.php on line 95
[14-Mar-2025 06:05:22 UTC] PHP Warning:  Trying to access array offset on null in C:\xampp\htdocs\employee_evaluation\download_payslip_dois.php on line 97
[14-Mar-2025 06:06:17 UTC] PHP Warning:  Trying to access array offset on null in C:\xampp\htdocs\employee_evaluation\download_payslip_dois.php on line 95
[14-Mar-2025 06:06:17 UTC] PHP Warning:  Trying to access array offset on null in C:\xampp\htdocs\employee_evaluation\download_payslip_dois.php on line 97
[14-Mar-2025 06:06:57 UTC] PHP Warning:  Trying to access array offset on null in C:\xampp\htdocs\employee_evaluation\download_payslip_dois.php on line 95
[14-Mar-2025 06:06:57 UTC] PHP Warning:  Trying to access array offset on null in C:\xampp\htdocs\employee_evaluation\download_payslip_dois.php on line 97
[14-Mar-2025 06:37:10 UTC] PHP Warning:  Trying to access array offset on null in C:\xampp\htdocs\employee_evaluation\download_payslip_pub.php on line 93
[14-Mar-2025 06:37:10 UTC] PHP Warning:  Trying to access array offset on null in C:\xampp\htdocs\employee_evaluation\download_payslip_pub.php on line 95
[14-Mar-2025 06:39:45 UTC] PHP Warning:  Trying to access array offset on null in C:\xampp\htdocs\employee_evaluation\download_payslip_pub.php on line 94
[14-Mar-2025 06:39:45 UTC] PHP Warning:  Trying to access array offset on null in C:\xampp\htdocs\employee_evaluation\download_payslip_pub.php on line 96
[14-Mar-2025 06:41:20 UTC] PHP Warning:  Trying to access array offset on null in C:\xampp\htdocs\employee_evaluation\download_payslip_pub.php on line 95
[14-Mar-2025 06:41:20 UTC] PHP Warning:  Trying to access array offset on null in C:\xampp\htdocs\employee_evaluation\download_payslip_pub.php on line 97
[17-Mar-2025 00:39:00 UTC] PHP Warning:  Trying to access array offset on null in C:\xampp\htdocs\employee_evaluation\download_payslip_pub.php on line 95
[17-Mar-2025 00:39:00 UTC] PHP Warning:  Trying to access array offset on null in C:\xampp\htdocs\employee_evaluation\download_payslip_pub.php on line 97
[17-Mar-2025 00:46:04 UTC] PHP Warning:  Trying to access array offset on null in C:\xampp\htdocs\employee_evaluation\download_payslip_pub.php on line 95
[17-Mar-2025 00:46:04 UTC] PHP Warning:  Trying to access array offset on null in C:\xampp\htdocs\employee_evaluation\download_payslip_pub.php on line 97
[17-Mar-2025 01:05:05 UTC] PHP Warning:  Trying to access array offset on null in C:\xampp\htdocs\employee_evaluation\download_payslip_pub.php on line 95
[17-Mar-2025 01:05:05 UTC] PHP Warning:  Trying to access array offset on null in C:\xampp\htdocs\employee_evaluation\download_payslip_pub.php on line 97
[25-Mar-2025 01:12:20 UTC] PHP Warning:  Trying to access array offset on null in C:\xampp\htdocs\employee_evaluation\download_payslip_pub.php on line 95
[25-Mar-2025 01:12:20 UTC] PHP Warning:  Trying to access array offset on null in C:\xampp\htdocs\employee_evaluation\download_payslip_pub.php on line 97
[02-Apr-2025 05:29:31 UTC] PHP Warning:  Trying to access array offset on null in C:\xampp\htdocs\employee_evaluation\download_payslip_pub.php on line 95
[02-Apr-2025 05:29:31 UTC] PHP Warning:  Trying to access array offset on null in C:\xampp\htdocs\employee_evaluation\download_payslip_pub.php on line 97
[02-Apr-2025 05:34:44 UTC] PHP Warning:  Trying to access array offset on null in C:\xampp\htdocs\employee_evaluation\download_payslip_pub.php on line 97
[02-Apr-2025 05:34:44 UTC] PHP Warning:  Trying to access array offset on null in C:\xampp\htdocs\employee_evaluation\download_payslip_pub.php on line 99
[02-Apr-2025 05:51:02 UTC] PHP Warning:  Trying to access array offset on null in C:\xampp\htdocs\employee_evaluation\download_payslip_pub.php on line 97
[02-Apr-2025 05:51:02 UTC] PHP Warning:  Trying to access array offset on null in C:\xampp\htdocs\employee_evaluation\download_payslip_pub.php on line 99
[02-Apr-2025 05:54:12 UTC] PHP Warning:  Trying to access array offset on null in C:\xampp\htdocs\employee_evaluation\download_payslip_pub.php on line 102
[02-Apr-2025 05:54:12 UTC] PHP Warning:  Trying to access array offset on null in C:\xampp\htdocs\employee_evaluation\download_payslip_pub.php on line 104
[02-Apr-2025 05:57:25 UTC] PHP Warning:  Trying to access array offset on null in C:\xampp\htdocs\employee_evaluation\download_payslip_pub.php on line 119
[02-Apr-2025 06:23:07 UTC] PHP Warning:  Trying to access array offset on null in C:\xampp\htdocs\employee_evaluation\download_payslip_pub.php on line 102
[02-Apr-2025 06:23:07 UTC] PHP Warning:  Trying to access array offset on null in C:\xampp\htdocs\employee_evaluation\download_payslip_pub.php on line 104
[02-Apr-2025 08:55:47 UTC] PHP Warning:  Trying to access array offset on null in C:\xampp\htdocs\employee_evaluation\download_payslip.php on line 95
[02-Apr-2025 08:55:47 UTC] PHP Warning:  Trying to access array offset on null in C:\xampp\htdocs\employee_evaluation\download_payslip.php on line 97
[02-Apr-2025 09:02:05 UTC] PHP Warning:  Trying to access array offset on null in C:\xampp\htdocs\employee_evaluation\download_payslip.php on line 95
[02-Apr-2025 09:02:05 UTC] PHP Warning:  Trying to access array offset on null in C:\xampp\htdocs\employee_evaluation\download_payslip.php on line 97
[02-Apr-2025 09:02:17 UTC] PHP Warning:  Trying to access array offset on null in C:\xampp\htdocs\employee_evaluation\download_payslip.php on line 95
[02-Apr-2025 09:02:17 UTC] PHP Warning:  Trying to access array offset on null in C:\xampp\htdocs\employee_evaluation\download_payslip.php on line 97
[02-Apr-2025 09:10:27 UTC] PHP Warning:  Trying to access array offset on null in C:\xampp\htdocs\employee_evaluation\download_payslip.php on line 95
[02-Apr-2025 09:10:27 UTC] PHP Warning:  Trying to access array offset on null in C:\xampp\htdocs\employee_evaluation\download_payslip.php on line 97
[02-Apr-2025 09:18:59 UTC] PHP Warning:  Trying to access array offset on null in C:\xampp\htdocs\employee_evaluation\download_payslip.php on line 95
[02-Apr-2025 09:18:59 UTC] PHP Warning:  Trying to access array offset on null in C:\xampp\htdocs\employee_evaluation\download_payslip.php on line 97
[02-Apr-2025 09:21:15 UTC] PHP Warning:  Trying to access array offset on null in C:\xampp\htdocs\employee_evaluation\download_payslip.php on line 95
[02-Apr-2025 09:21:15 UTC] PHP Warning:  Trying to access array offset on null in C:\xampp\htdocs\employee_evaluation\download_payslip.php on line 97
[02-Apr-2025 10:01:18 UTC] PHP Warning:  Trying to access array offset on null in C:\xampp\htdocs\employee_evaluation\download_payslip_dois.php on line 97
[02-Apr-2025 10:01:18 UTC] PHP Warning:  Trying to access array offset on null in C:\xampp\htdocs\employee_evaluation\download_payslip_dois.php on line 99
[03-Apr-2025 00:44:11 UTC] PHP Warning:  Trying to access array offset on null in C:\xampp\htdocs\employee_evaluation\download_payslip_dois.php on line 97
[03-Apr-2025 00:44:11 UTC] PHP Warning:  Trying to access array offset on null in C:\xampp\htdocs\employee_evaluation\download_payslip_dois.php on line 99
[03-Apr-2025 00:48:51 UTC] PHP Warning:  Trying to access array offset on null in C:\xampp\htdocs\employee_evaluation\download_payslip.php on line 102
[03-Apr-2025 00:48:51 UTC] PHP Warning:  Trying to access array offset on null in C:\xampp\htdocs\employee_evaluation\download_payslip.php on line 104
[03-Apr-2025 00:49:40 UTC] PHP Warning:  Trying to access array offset on null in C:\xampp\htdocs\employee_evaluation\download_payslip_dois.php on line 97
[03-Apr-2025 00:49:40 UTC] PHP Warning:  Trying to access array offset on null in C:\xampp\htdocs\employee_evaluation\download_payslip_dois.php on line 99
[03-Apr-2025 00:57:18 UTC] PHP Warning:  Trying to access array offset on null in C:\xampp\htdocs\employee_evaluation\download_payslip_dois.php on line 103
[03-Apr-2025 00:57:18 UTC] PHP Warning:  Trying to access array offset on null in C:\xampp\htdocs\employee_evaluation\download_payslip_dois.php on line 105
[25-Apr-2025 03:37:16 UTC] PHP Warning:  Trying to access array offset on null in C:\xampp\htdocs\employee_evaluation\download_payslip_pub.php on line 102
[25-Apr-2025 03:37:16 UTC] PHP Warning:  Trying to access array offset on null in C:\xampp\htdocs\employee_evaluation\download_payslip_pub.php on line 104
